<?xml version="1.0" encoding="UTF-8"?>
<robot rpa="false" generated="20191113 17:11:24.808" generator="Robot 3.1.2 (Python 2.7.15+ on linux2)">
<suite source="/home/syprus.ithuriel/Desktop/GL_Projects/Eurosport_Automation/Robot_Framework/TestCases/Discovery/tc_discovery_shows.robot" id="s1" name="Tc Discovery Shows">
<kw type="setup" name="Set Init Env">
<kw name="Create Dictionary" library="BuiltIn">
<doc>Creates and returns a dictionary based on the given ``items``.</doc>
<assign>
<var>${show_details}</var>
</assign>
<msg timestamp="20191113 17:12:03.217" level="INFO">${show_details} = {}</msg>
<status status="PASS" endtime="20191113 17:12:03.217" starttime="20191113 17:12:03.216"></status>
</kw>
<kw name="Create List" library="BuiltIn">
<doc>Returns a list containing given items.</doc>
<assign>
<var>${favorite_selected_list}</var>
</assign>
<msg timestamp="20191113 17:12:03.217" level="INFO">${favorite_selected_list} = []</msg>
<status status="PASS" endtime="20191113 17:12:03.217" starttime="20191113 17:12:03.217"></status>
</kw>
<kw name="Set Suite Variable" library="BuiltIn">
<doc>Makes a variable available everywhere within the scope of the current suite.</doc>
<arguments>
<arg>${show_details}</arg>
</arguments>
<msg timestamp="20191113 17:12:03.217" level="INFO">${show_details} = {}</msg>
<status status="PASS" endtime="20191113 17:12:03.217" starttime="20191113 17:12:03.217"></status>
</kw>
<kw name="Set Suite Variable" library="BuiltIn">
<doc>Makes a variable available everywhere within the scope of the current suite.</doc>
<arguments>
<arg>${favorite_selected_list}</arg>
</arguments>
<msg timestamp="20191113 17:12:03.218" level="INFO">${favorite_selected_list} = []</msg>
<status status="PASS" endtime="20191113 17:12:03.218" starttime="20191113 17:12:03.217"></status>
</kw>
<status status="PASS" endtime="20191113 17:12:03.218" starttime="20191113 17:12:03.216"></status>
</kw>
<test id="s1-t1" name="Verify the favorites status in Discovery.com">
<kw name="Given I open the web page with ${URL}" library="EuroKeywords">
<kw name="Run Keyword" library="BuiltIn">
<doc>Executes the given keyword with the given arguments.</doc>
<arguments>
<arg>Open_Url</arg>
<arg>${url}</arg>
</arguments>
<kw name="Open_Url">
<arguments>
<arg>${url}</arg>
</arguments>
<msg timestamp="20191113 17:12:03.221" level="FAIL">No keyword with name 'Open_Url' found.</msg>
<status status="FAIL" endtime="20191113 17:12:03.221" starttime="20191113 17:12:03.221"></status>
</kw>
<status status="FAIL" endtime="20191113 17:12:03.221" starttime="20191113 17:12:03.218"></status>
</kw>
<status status="FAIL" endtime="20191113 17:12:03.221" starttime="20191113 17:12:03.218"></status>
</kw>
<tags>
<tag>Discovery</tag>
</tags>
<status status="FAIL" endtime="20191113 17:12:03.222" critical="yes" starttime="20191113 17:12:03.218">No keyword with name 'Open_Url' found.</status>
</test>
<kw type="teardown" name="Close The Browsers" library="EuroKeywords">
<kw name="Run Keyword" library="BuiltIn">
<doc>Executes the given keyword with the given arguments.</doc>
<arguments>
<arg>Close The Browser</arg>
</arguments>
<kw name="Close The Browser">
<msg timestamp="20191113 17:12:03.224" level="FAIL">No keyword with name 'Close The Browser' found. Did you mean:
    EuroKeywords.Close The Browsers</msg>
<status status="FAIL" endtime="20191113 17:12:03.224" starttime="20191113 17:12:03.224"></status>
</kw>
<status status="FAIL" endtime="20191113 17:12:03.224" starttime="20191113 17:12:03.222"></status>
</kw>
<status status="FAIL" endtime="20191113 17:12:03.224" starttime="20191113 17:12:03.222">No keyword with name 'Close The Browser' found. Did you mean:
    EuroKeywords.Close The Browsers</status>
</kw>
<doc>This test case will navigate to "https://go.discovery.com/" and verify the fields</doc>
<status status="FAIL" endtime="20191113 17:12:03.224" starttime="20191113 17:11:24.809">Suite teardown failed:
No keyword with name 'Close The Browser' found. Did you mean:
    EuroKeywords.Close The Browsers</status>
</suite>
<statistics>
<total>
<stat fail="1" pass="0">Critical Tests</stat>
<stat fail="1" pass="0">All Tests</stat>
</total>
<tag>
<stat fail="1" pass="0">Discovery</stat>
</tag>
<suite>
<stat fail="1" id="s1" name="Tc Discovery Shows" pass="0">Tc Discovery Shows</stat>
</suite>
</statistics>
<errors>
<msg timestamp="20191113 17:12:03.209" level="ERROR">Error in file '/home/syprus.ithuriel/Desktop/GL_Projects/Eurosport_Automation/Robot_Framework/TestCases/Discovery/tc_discovery_shows.robot': Initializing test library 'EuroComponent' with arguments [ browser=firefox ] failed: OSError: [Errno 2] No such file or directory: ''
Traceback (most recent call last):
  File "/home/syprus.ithuriel/Desktop/GL_Projects/Eurosport_Automation/Robot_Framework/lib/EuroComponent.py", line 23, in __init__
    self._browser = LocalBrowser(self.browsertype, self.profile_path)
  File "/home/syprus.ithuriel/Desktop/GL_Projects/Eurosport_Automation/Selenium_Lib/web_wrappers/selenium_wrappers/LocalBrowser.py", line 54, in __init__
    self._browser = self.create_webdriver(self.browsertype, self.profile_path, crx, notifications)
  File "/home/syprus.ithuriel/Desktop/GL_Projects/Eurosport_Automation/Selenium_Lib/web_wrappers/selenium_wrappers/LocalBrowser.py", line 85, in create_webdriver
    profile = FirefoxProfile(profile_path)
  File "/usr/local/lib/python2.7/dist-packages/selenium/webdriver/firefox/firefox_profile.py", line 80, in __init__
    ignore=shutil.ignore_patterns("parent.lock", "lock", ".parentlock"))
  File "/usr/lib/python2.7/shutil.py", line 185, in copytree
    names = os.listdir(src)</msg>
</errors>
</robot>
