<?xml version="1.0" encoding="UTF-8"?>
<robot rpa="false" generated="20191108 14:38:39.979" generator="Robot 3.1.2 (Python 2.7.15+ on linux2)">
<suite source="/home/syprus.ithuriel/Desktop/GL_Projects/Assignment/automation/TestCases/Discovery/tc_discovery_shows.robot" id="s1" name="Tc Discovery Shows">
<kw type="setup" name="Set Init Env">
<kw name="Create Dictionary" library="BuiltIn">
<doc>Creates and returns a dictionary based on the given ``items``.</doc>
<assign>
<var>${show_details}</var>
</assign>
<msg timestamp="20191108 14:38:40.043" level="INFO">${show_details} = {}</msg>
<status status="PASS" endtime="20191108 14:38:40.043" starttime="20191108 14:38:40.043"></status>
</kw>
<kw name="Create List" library="BuiltIn">
<doc>Returns a list containing given items.</doc>
<assign>
<var>${favorite_selected_list}</var>
</assign>
<msg timestamp="20191108 14:38:40.044" level="INFO">${favorite_selected_list} = []</msg>
<status status="PASS" endtime="20191108 14:38:40.044" starttime="20191108 14:38:40.043"></status>
</kw>
<kw name="Set Suite Variable" library="BuiltIn">
<doc>Makes a variable available everywhere within the scope of the current suite.</doc>
<arguments>
<arg>${show_details}</arg>
</arguments>
<msg timestamp="20191108 14:38:40.044" level="INFO">${show_details} = {}</msg>
<status status="PASS" endtime="20191108 14:38:40.044" starttime="20191108 14:38:40.044"></status>
</kw>
<kw name="Set Suite Variable" library="BuiltIn">
<doc>Makes a variable available everywhere within the scope of the current suite.</doc>
<arguments>
<arg>${favorite_selected_list}</arg>
</arguments>
<msg timestamp="20191108 14:38:40.045" level="INFO">${favorite_selected_list} = []</msg>
<status status="PASS" endtime="20191108 14:38:40.045" starttime="20191108 14:38:40.044"></status>
</kw>
<status status="PASS" endtime="20191108 14:38:40.045" starttime="20191108 14:38:40.043"></status>
</kw>
<test id="s1-t1" name="Verify the favorites status in Discovery.com">
<kw name="Given I open the web page with ${URL}" library="DiscoveryKeywords">
<kw name="Run Keyword" library="BuiltIn">
<doc>Executes the given keyword with the given arguments.</doc>
<arguments>
<arg>Open_Url</arg>
<arg>${url}</arg>
</arguments>
<kw name="Open_Url">
<arguments>
<arg>${url}</arg>
</arguments>
<msg timestamp="20191108 14:38:40.048" level="FAIL">No keyword with name 'Open_Url' found.</msg>
<status status="FAIL" endtime="20191108 14:38:40.048" starttime="20191108 14:38:40.048"></status>
</kw>
<status status="FAIL" endtime="20191108 14:38:40.048" starttime="20191108 14:38:40.046"></status>
</kw>
<status status="FAIL" endtime="20191108 14:38:40.048" starttime="20191108 14:38:40.045"></status>
</kw>
<tags>
<tag>Discovery</tag>
</tags>
<status status="FAIL" endtime="20191108 14:38:40.048" critical="yes" starttime="20191108 14:38:40.045">No keyword with name 'Open_Url' found.</status>
</test>
<doc>This test case will navigate to "https://go.discovery.com/" and verify the fields</doc>
<status status="FAIL" endtime="20191108 14:38:40.048" starttime="20191108 14:38:39.980"></status>
</suite>
<statistics>
<total>
<stat fail="1" pass="0">Critical Tests</stat>
<stat fail="1" pass="0">All Tests</stat>
</total>
<tag>
<stat fail="1" pass="0">Discovery</stat>
</tag>
<suite>
<stat fail="1" id="s1" name="Tc Discovery Shows" pass="0">Tc Discovery Shows</stat>
</suite>
</statistics>
<errors>
<msg timestamp="20191108 14:38:40.038" level="ERROR">Error in file '/home/syprus.ithuriel/Desktop/GL_Projects/Assignment/automation/TestCases/Discovery/tc_discovery_shows.robot': Importing test library '/home/syprus.ithuriel/Desktop/GL_Projects/Assignment/automation/lib/DiscoveryComponent.py' failed: ImportError: No module named utils.confMgr
Traceback (most recent call last):
  File "/home/syprus.ithuriel/Desktop/GL_Projects/Assignment/automation/lib/DiscoveryComponent.py", line 7, in &lt;module&gt;
    from web_wrappers.selenium_wrappers import LocalBrowser
  File "/home/syprus.ithuriel/Desktop/GL_Projects/Assignment/Selenium_Lib/web_wrappers/selenium_wrappers/__init__.py", line 4, in &lt;module&gt;
    from WebElementAction import WebElementAction
  File "/home/syprus.ithuriel/Desktop/GL_Projects/Assignment/Selenium_Lib/web_wrappers/selenium_wrappers/WebElementAction.py", line 15, in &lt;module&gt;
    from log import log
  File "/home/syprus.ithuriel/Desktop/GL_Projects/Assignment/Selenium_Lib/log/__init__.py", line 1, in &lt;module&gt;
    from log import log
  File "/home/syprus.ithuriel/Desktop/GL_Projects/Assignment/Selenium_Lib/log/log.py", line 12, in &lt;module&gt;
    from utils.confMgr import confMgr
PYTHONPATH:
  /usr/lib/python2.7
  /usr/lib/python2.7/plat-x86_64-linux-gnu
  /usr/lib/python2.7/lib-tk
  /usr/lib/python2.7/lib-old
  /usr/lib/python2.7/lib-dynload
  /home/syprus.ithuriel/.local/lib/python2.7/site-packages
  /usr/local/lib/python2.7/dist-packages
  /usr/lib/python2.7/dist-packages
  /home/syprus.ithuriel/Desktop/GL_Projects/Assignment/automation
  /home/syprus.ithuriel/Desktop/GL_Projects/Assignment/automation/page
  /home/syprus.ithuriel/Desktop/GL_Projects/Assignment/Selenium_Lib
  /home/syprus.ithuriel/Desktop/GL_Projects/Assignment/Selenium_Lib/utils
  /home/syprus.ithuriel/Desktop/GL_Projects/Assignment/Selenium_Lib/web_wrappers</msg>
</errors>
</robot>
