<?xml version="1.0" encoding="UTF-8"?>
<robot rpa="false" generated="20191111 15:42:37.686" generator="Robot 3.1.2 (Python 2.7.15+ on linux2)">
<suite source="/home/syprus.ithuriel/Desktop/GL_Projects/Eurosport_Automation/Robot_Framework/TestCases/Discovery/tc_discovery_shows.robot" id="s1" name="Tc Discovery Shows">
<kw type="setup" name="Set Init Env">
<kw name="Create Dictionary" library="BuiltIn">
<doc>Creates and returns a dictionary based on the given ``items``.</doc>
<assign>
<var>${show_details}</var>
</assign>
<msg timestamp="20191111 15:42:39.176" level="INFO">${show_details} = {}</msg>
<status status="PASS" endtime="20191111 15:42:39.177" starttime="20191111 15:42:39.176"></status>
</kw>
<kw name="Create List" library="BuiltIn">
<doc>Returns a list containing given items.</doc>
<assign>
<var>${favorite_selected_list}</var>
</assign>
<msg timestamp="20191111 15:42:39.178" level="INFO">${favorite_selected_list} = []</msg>
<status status="PASS" endtime="20191111 15:42:39.178" starttime="20191111 15:42:39.177"></status>
</kw>
<kw name="Set Suite Variable" library="BuiltIn">
<doc>Makes a variable available everywhere within the scope of the current suite.</doc>
<arguments>
<arg>${show_details}</arg>
</arguments>
<msg timestamp="20191111 15:42:39.179" level="INFO">${show_details} = {}</msg>
<status status="PASS" endtime="20191111 15:42:39.179" starttime="20191111 15:42:39.178"></status>
</kw>
<kw name="Set Suite Variable" library="BuiltIn">
<doc>Makes a variable available everywhere within the scope of the current suite.</doc>
<arguments>
<arg>${favorite_selected_list}</arg>
</arguments>
<msg timestamp="20191111 15:42:39.180" level="INFO">${favorite_selected_list} = []</msg>
<status status="PASS" endtime="20191111 15:42:39.180" starttime="20191111 15:42:39.179"></status>
</kw>
<status status="PASS" endtime="20191111 15:42:39.180" starttime="20191111 15:42:39.175"></status>
</kw>
<test id="s1-t1" name="Verify the favorites status in Discovery.com">
<kw name="Given I open the web page with ${URL}" library="DiscoveryKeywords">
<kw name="Run Keyword" library="BuiltIn">
<doc>Executes the given keyword with the given arguments.</doc>
<arguments>
<arg>Open_Url</arg>
<arg>${url}</arg>
</arguments>
<kw name="Open_Url">
<arguments>
<arg>${url}</arg>
</arguments>
<msg timestamp="20191111 15:42:39.187" level="FAIL">No keyword with name 'Open_Url' found.</msg>
<status status="FAIL" endtime="20191111 15:42:39.187" starttime="20191111 15:42:39.187"></status>
</kw>
<status status="FAIL" endtime="20191111 15:42:39.187" starttime="20191111 15:42:39.183"></status>
</kw>
<status status="FAIL" endtime="20191111 15:42:39.187" starttime="20191111 15:42:39.182"></status>
</kw>
<tags>
<tag>Discovery</tag>
</tags>
<status status="FAIL" endtime="20191111 15:42:39.187" critical="yes" starttime="20191111 15:42:39.181">No keyword with name 'Open_Url' found.</status>
</test>
<doc>This test case will navigate to "https://go.discovery.com/" and verify the fields</doc>
<status status="FAIL" endtime="20191111 15:42:39.188" starttime="20191111 15:42:37.687"></status>
</suite>
<statistics>
<total>
<stat fail="1" pass="0">Critical Tests</stat>
<stat fail="1" pass="0">All Tests</stat>
</total>
<tag>
<stat fail="1" pass="0">Discovery</stat>
</tag>
<suite>
<stat fail="1" id="s1" name="Tc Discovery Shows" pass="0">Tc Discovery Shows</stat>
</suite>
</statistics>
<errors>
<msg timestamp="20191111 15:42:39.163" level="ERROR">Error in file '/home/syprus.ithuriel/Desktop/GL_Projects/Eurosport_Automation/Robot_Framework/TestCases/Discovery/tc_discovery_shows.robot': Initializing test library 'DiscoveryComponent' with arguments [ browser=chrome ] failed: SessionNotCreatedException: Message: session not created: This version of ChromeDriver only supports Chrome version 76

Traceback (most recent call last):
  File "/home/syprus.ithuriel/Desktop/GL_Projects/Eurosport_Automation/Robot_Framework/lib/DiscoveryComponent.py", line 20, in __init__
    self._browser = LocalBrowser(self.browsertype)
  File "/home/syprus.ithuriel/Desktop/GL_Projects/Eurosport_Automation/Selenium_Lib/web_wrappers/selenium_wrappers/LocalBrowser.py", line 55, in __init__
    self._browser = self.create_webdriver(self.browsertype,crx, notifications)
  File "/home/syprus.ithuriel/Desktop/GL_Projects/Eurosport_Automation/Selenium_Lib/web_wrappers/selenium_wrappers/LocalBrowser.py", line 132, in create_webdriver
    testdriver = webdriver.Chrome(self._BROWSER_INFO[browser]['webdriver_path'], chrome_options=options)
  File "/usr/local/lib/python2.7/dist-packages/selenium/webdriver/chrome/webdriver.py", line 81, in __init__
    desired_capabilities=desired_capabilities)
  File "/usr/local/lib/python2.7/dist-packages/selenium/webdriver/remote/webdriver.py", line 157, in __init__
    self.start_session(capabilities, browser_profile)
  File "/usr/local/lib/python2.7/dist-packages/selenium/webdriver/remote/webdriver.py", line 252, in start_session
    response = self.execute(Command.NEW_SESSION, parameters)
  File "/usr/local/lib/python2.7/dist-packages/selenium/webdriver/remote/webdriver.py", line 321, in execute
    self.error_handler.check_response(response)
  File "/usr/local/lib/python2.7/dist-packages/selenium/webdriver/remote/errorhandler.py", line 242, in check_response
    raise exception_class(message, screen, stacktrace)</msg>
</errors>
</robot>
